[2023-08-09 19:48:19] [ INFO ] [BDH2:41] conexion con Driver exitosa
[2023-08-09 19:48:20] [ INFO ] [BDH2:41] conexion con Driver exitosa
[2023-08-09 19:48:21] [ INFO ] [OdontologoDaoH2:42] Odontologo GuardatoEntity.Odontologo@16293aa2
[2023-08-09 19:48:21] [ INFO ] [BDH2:41] conexion con Driver exitosa
[2023-08-09 19:48:21] [ INFO ] [OdontologoDaoH2:42] Odontologo GuardatoEntity.Odontologo@36bc55de
[2023-08-09 19:48:21] [ INFO ] [BDH2:41] conexion con Driver exitosa
[2023-08-09 19:48:21] [ INFO ] [OdontologoDaoH2:70] Listado de odontologos registrados: [Entity.Odontologo@6302bbb1, Entity.Odontologo@31304f14]
[2023-08-09 19:48:21] [ INFO ] [Odontologo:21] Odontologo registrado: Entity.Odontologo@16293aa2
[2023-08-09 19:48:21] [ INFO ] [Odontologo:21] Odontologo registrado: Entity.Odontologo@36bc55de
[2023-08-09 19:52:44] [ INFO ] [BDH2:41] conexion con Driver exitosa
[2023-08-09 19:52:45] [ INFO ] [BDH2:41] conexion con Driver exitosa
[2023-08-09 19:52:45] [ INFO ] [OdontologoDaoH2:42] Odontologo Guardado Glendi
[2023-08-09 19:52:45] [ INFO ] [BDH2:41] conexion con Driver exitosa
[2023-08-09 19:52:45] [ INFO ] [OdontologoDaoH2:42] Odontologo Guardado Erika
[2023-08-09 19:52:45] [ INFO ] [BDH2:41] conexion con Driver exitosa
[2023-08-09 19:52:45] [ INFO ] [OdontologoDaoH2:70] Listado de odontologos registrados: [Entity.Odontologo@799f10e1, Entity.Odontologo@4c371370]
[2023-08-09 19:52:45] [ INFO ] [OdontologoDaoMen:21] Odontologo registrado: Entity.Odontologo@3023df74
[2023-08-09 19:52:45] [ INFO ] [OdontologoDaoMen:21] Odontologo registrado: Entity.Odontologo@313ac989
[2023-08-09 19:52:45] [ INFO ] [OdontologoDaoMen:27] Mostarndo Listado de Odontologos: [Entity.Odontologo@3023df74, Entity.Odontologo@313ac989]
[2023-08-09 19:55:15] [ INFO ] [BDH2:41] conexion con Driver exitosa
[2023-08-09 19:55:15] [ INFO ] [BDH2:41] conexion con Driver exitosa
[2023-08-09 19:55:16] [ INFO ] [OdontologoDaoH2:42] Odontologo Guardado Glendi
[2023-08-09 19:55:16] [ INFO ] [BDH2:41] conexion con Driver exitosa
[2023-08-09 19:55:16] [ INFO ] [OdontologoDaoH2:42] Odontologo Guardado Erika
[2023-08-09 19:55:16] [ INFO ] [BDH2:41] conexion con Driver exitosa
[2023-08-09 19:55:16] [ INFO ] [OdontologoDaoH2:70] Listado de odontologos registrados: [Entity.Odontologo@4135c3b, Entity.Odontologo@6302bbb1]
[2023-08-09 19:55:16] [ INFO ] [OdontologoDaoMen:21] Odontologo registrado: Entity.Odontologo@34a3d150
[2023-08-09 19:55:16] [ INFO ] [OdontologoDaoMen:21] Odontologo registrado: Entity.Odontologo@2a4fb17b
[2023-08-09 19:55:16] [ INFO ] [OdontologoDaoMen:27] Mostarndo Listado de Odontologos: [Entity.Odontologo@34a3d150, Entity.Odontologo@2a4fb17b]
[2023-08-09 19:57:56] [ INFO ] [BDH2:41] conexion con Driver exitosa
[2023-08-09 19:57:58] [ INFO ] [BDH2:41] conexion con Driver exitosa
[2023-08-09 19:57:58] [ INFO ] [OdontologoDaoH2:42] Odontologo Guardado Glendi
[2023-08-09 19:57:58] [ INFO ] [BDH2:41] conexion con Driver exitosa
[2023-08-09 19:57:58] [ INFO ] [OdontologoDaoH2:42] Odontologo Guardado Erika
[2023-08-09 19:57:58] [ INFO ] [BDH2:41] conexion con Driver exitosa
[2023-08-09 19:57:58] [ INFO ] [OdontologoDaoH2:70] Listado de odontologos registrados: [Entity.Odontologo@55b699ef, Entity.Odontologo@35d019a3]
[2023-08-09 19:57:58] [ INFO ] [OdontologoDaoMen:21] Odontologo registrado: Glendi
[2023-08-09 19:57:58] [ INFO ] [OdontologoDaoMen:21] Odontologo registrado: Erika
[2023-08-09 19:57:58] [ INFO ] [OdontologoDaoMen:27] Mostarndo Listado de Odontologos: [Entity.Odontologo@18078bef, Entity.Odontologo@799f10e1]
[2023-08-09 20:17:29] [ INFO ] [BDH2:41] conexion con Driver exitosa
[2023-08-09 20:17:31] [ INFO ] [OdontologoDaoH2:42] Odontologo Guardado Dani
[2023-08-09 20:17:58] [ INFO ] [BDH2:41] conexion con Driver exitosa
[2023-08-09 20:17:59] [ INFO ] [OdontologoDaoH2:70] Listado de odontologos registrados: [Entity.Odontologo@6bf0219d, Entity.Odontologo@dd0c991, Entity.Odontologo@5f16132a]
[2023-08-09 20:21:11] [ INFO ] [BDH2:41] conexion con Driver exitosa
[2023-08-09 20:21:12] [ INFO ] [OdontologoDaoH2:70] Listado de odontologos registrados: [Entity.Odontologo@3cc1435c, Entity.Odontologo@6bf0219d, Entity.Odontologo@dd0c991]
[2023-08-09 20:32:03] [ INFO ] [BDH2:41] conexion con Driver exitosa
[2023-08-09 20:32:05] [ INFO ] [OdontologoDaoH2:70] Listado de odontologos registrados: [
Id: 1, 
Id: 2, 
Id: 4]
[2023-08-09 20:32:36] [ INFO ] [BDH2:41] conexion con Driver exitosa
[2023-08-09 20:32:37] [ INFO ] [OdontologoDaoH2:44] Violación de indice de Unicidad ó Clave primaria: "PRIMARY KEY ON PUBLIC.ODONTOLOGOS(ID) ( /* key:0 */ 4, 7894, 'Dani', 'Perez')"
Unique index or primary key violation: "PRIMARY KEY ON PUBLIC.ODONTOLOGOS(ID) ( /* key:0 */ 4, 7894, 'Dani', 'Perez')"; SQL statement:
INSERT INTO ODONTOLOGOS VALUES (?,?,?,?) [23505-220]
[2023-08-09 20:33:38] [ INFO ] [BDH2:41] conexion con Driver exitosa
[2023-08-09 20:33:39] [ INFO ] [OdontologoDaoH2:42] Odontologo Guardado Dani
[2023-08-09 20:33:58] [ INFO ] [BDH2:41] conexion con Driver exitosa
[2023-08-09 20:33:59] [ INFO ] [OdontologoDaoH2:70] Listado de odontologos registrados: [
Id: 1, 
Id: 2, 
Id: 3, 
Id: 4]
